<?xml version="1.0" encoding="UTF-8"?>
<testng-results skipped="0" failed="0" ignored="0" total="1" passed="1">
  <reporter-output>
  </reporter-output>
  <suite name="Default suite" duration-ms="649" started-at="2019-11-06T14:48:01 EST" finished-at="2019-11-06T14:48:02 EST">
    <groups>
    </groups>
    <test name="Default test" duration-ms="649" started-at="2019-11-06T14:48:01 EST" finished-at="2019-11-06T14:48:02 EST">
      <class name="mypackage.ExtentReportTest">
        <test-method status="PASS" signature="runtest()[pri:0, instance:mypackage.ExtentReportTest@5a1c0542]" name="runtest" duration-ms="589" started-at="2019-11-06T14:48:01 EST" finished-at="2019-11-06T14:48:02 EST">
          <reporter-output>
          </reporter-output>
        </test-method> <!-- runtest -->
      </class> <!-- mypackage.ExtentReportTest -->
    </test> <!-- Default test -->
  </suite> <!-- Default suite -->
</testng-results>
